<?xml version="1.0" encoding="UTF-8"?>
<!-- Generated by org.testng.reporters.JUnitReportReporter -->
<testsuite hostname="DESKTOP-TGEBJ9N" failures="0" tests="1" name="com.nopCommerce.testCases.SerachResultPageTest" time="8.146" errors="0" timestamp="2023-10-17T10:08:43 IST" skipped="0">
  <testcase classname="com.nopCommerce.testCases.SerachResultPageTest" name="productAvilabilityTest" time="8.146"/>
</testsuite> <!-- com.nopCommerce.testCases.SerachResultPageTest -->
