<?xml version="1.0" encoding="UTF-8"?>
<!-- Generated by org.testng.reporters.JUnitReportReporter -->
<testsuite hostname="DESKTOP-TGEBJ9N" failures="0" tests="1" name="com.nopCommerce.testCases.HomePageTest" time="25.507" errors="0" timestamp="2023-10-15T10:10:24 IST" skipped="0">
  <testcase classname="com.nopCommerce.testCases.HomePageTest" name="wishListTest" time="25.507"/>
</testsuite> <!-- com.nopCommerce.testCases.HomePageTest -->
