<?xml version="1.0" encoding="UTF-8"?>
<!-- Generated by org.testng.reporters.JUnitReportReporter -->
<testsuite hostname="DESKTOP-TGEBJ9N" failures="0" tests="2" name="com.nopCommerce.testCases.IndexPageTest" time="11.943" errors="0" timestamp="2023-10-15T10:10:24 IST" skipped="0">
  <testcase classname="com.nopCommerce.testCases.IndexPageTest" name="verifyLogo" time="5.163"/>
  <testcase classname="com.nopCommerce.testCases.IndexPageTest" name="verifyTitle" time="6.780"/>
</testsuite> <!-- com.nopCommerce.testCases.IndexPageTest -->
