<?xml version="1.0" encoding="UTF-8"?>
<!-- Generated by org.testng.reporters.JUnitReportReporter -->
<testsuite hostname="DESKTOP-TGEBJ9N" failures="0" tests="2" name="com.nopCommerce.testCases.IndexPageTest" time="18.435" errors="0" timestamp="2023-10-17T10:08:43 IST" skipped="0">
  <testcase classname="com.nopCommerce.testCases.IndexPageTest" name="verifyLogo" time="12.461"/>
  <testcase classname="com.nopCommerce.testCases.IndexPageTest" name="verifyTitle" time="5.974"/>
</testsuite> <!-- com.nopCommerce.testCases.IndexPageTest -->
