<?xml version="1.0" encoding="UTF-8"?>
<!-- Generated by org.testng.reporters.JUnitReportReporter -->
<testsuite hostname="DESKTOP-TGEBJ9N" failures="0" tests="1" name="com.nopCommerce.testCases.HomePageTest" time="8.030" errors="0" timestamp="2023-10-17T10:08:43 IST" skipped="0">
  <testcase classname="com.nopCommerce.testCases.HomePageTest" name="wishListTest" time="8.030"/>
</testsuite> <!-- com.nopCommerce.testCases.HomePageTest -->
